{"/Users/user/TILDE/Tilde-uzdevums_2_Jest/src/data.ts": {"path":"/Users/user/TILDE/Tilde-uzdevums_2_Jest/src/data.ts","statementMap":{"0":{"start":{"line":6,"column":13},"end":{"line":19,"column":2}},"1":{"start":{"line":21,"column":13},"end":{"line":25,"column":2}},"2":{"start":{"line":27,"column":13},"end":{"line":31,"column":2}},"3":{"start":{"line":33,"column":13},"end":{"line":36,"column":2}}},"fnMap":{},"branchMap":{},"s":{"0":1,"1":1,"2":1,"3":1},"f":{},"b":{}}
,"/Users/user/TILDE/Tilde-uzdevums_2_Jest/src/index.ts": {"path":"/Users/user/TILDE/Tilde-uzdevums_2_Jest/src/index.ts","statementMap":{"0":{"start":{"line":1,"column":0},"end":{"line":1,"column":37}},"1":{"start":{"line":3,"column":0},"end":{"line":3,"column":26}}},"fnMap":{},"branchMap":{},"s":{"0":0,"1":0},"f":{},"b":{}}
,"/Users/user/TILDE/Tilde-uzdevums_2_Jest/src/utils.ts": {"path":"/Users/user/TILDE/Tilde-uzdevums_2_Jest/src/utils.ts","statementMap":{"0":{"start":{"line":2,"column":2},"end":{"line":2,"column":24}},"1":{"start":{"line":1,"column":0},"end":{"line":1,"column":16}}},"fnMap":{"0":{"name":"getMessage","decl":{"start":{"line":1,"column":16},"end":{"line":1,"column":26}},"loc":{"start":{"line":1,"column":26},"end":{"line":3,"column":1}}}},"branchMap":{},"s":{"0":0,"1":0},"f":{"0":0},"b":{}}
,"/Users/user/TILDE/Tilde-uzdevums_2_Jest/src/clockWise/clockWise.ts": {"path":"/Users/user/TILDE/Tilde-uzdevums_2_Jest/src/clockWise/clockWise.ts","statementMap":{"0":{"start":{"line":3,"column":18},"end":{"line":4,"column":45}},"1":{"start":{"line":4,"column":2},"end":{"line":4,"column":45}},"2":{"start":{"line":7,"column":27},"end":{"line":16,"column":1}},"3":{"start":{"line":8,"column":12},"end":{"line":8,"column":13}},"4":{"start":{"line":9,"column":2},"end":{"line":14,"column":null}},"5":{"start":{"line":9,"column":15},"end":{"line":9,"column":16}},"6":{"start":{"line":10,"column":4},"end":{"line":12,"column":null}},"7":{"start":{"line":11,"column":6},"end":{"line":11,"column":45}},"8":{"start":{"line":13,"column":6},"end":{"line":13,"column":49}},"9":{"start":{"line":15,"column":2},"end":{"line":15,"column":null}},"10":{"start":{"line":7,"column":13},"end":{"line":7,"column":27}}},"fnMap":{"0":{"name":"(anonymous_0)","decl":{"start":{"line":3,"column":18},"end":{"line":3,"column":19}},"loc":{"start":{"line":4,"column":2},"end":{"line":4,"column":45}}},"1":{"name":"(anonymous_1)","decl":{"start":{"line":7,"column":27},"end":{"line":7,"column":28}},"loc":{"start":{"line":7,"column":56},"end":{"line":16,"column":1}}}},"branchMap":{"0":{"loc":{"start":{"line":10,"column":4},"end":{"line":12,"column":null}},"type":"if","locations":[{"start":{"line":10,"column":4},"end":{"line":12,"column":null}},{"start":{"line":10,"column":4},"end":{"line":12,"column":null}}]},"1":{"loc":{"start":{"line":15,"column":19},"end":{"line":15,"column":23}},"type":"cond-expr","locations":[{"start":{"line":15,"column":19},"end":{"line":15,"column":23}},{"start":{"line":15,"column":26},"end":{"line":15,"column":31}}]}},"s":{"0":1,"1":20,"2":1,"3":4,"4":4,"5":4,"6":16,"7":4,"8":16,"9":4,"10":1},"f":{"0":20,"1":4},"b":{"0":[4,12],"1":[2,2]}}
}
