TN:
SF:src/data.ts
FNF:0
FNH:0
DA:6,1
DA:21,1
DA:27,1
DA:33,1
LF:4
LH:4
BRF:0
BRH:0
end_of_record
TN:
SF:src/index.ts
FNF:0
FNH:0
DA:1,0
DA:3,0
LF:2
LH:0
BRF:0
BRH:0
end_of_record
TN:
SF:src/utils.ts
FN:1,getMessage
FNF:1
FNH:0
FNDA:0,getMessage
DA:1,0
DA:2,0
LF:2
LH:0
BRF:0
BRH:0
end_of_record
TN:
SF:src/clockWise/clockWise.ts
FN:3,(anonymous_0)
FN:7,(anonymous_1)
FNF:2
FNH:2
FNDA:20,(anonymous_0)
FNDA:4,(anonymous_1)
DA:3,1
DA:4,20
DA:7,1
DA:8,4
DA:9,4
DA:10,16
DA:11,4
DA:13,16
DA:15,4
LF:9
LH:9
BRDA:10,0,0,4
BRDA:10,0,1,12
BRDA:15,1,0,2
BRDA:15,1,1,2
BRF:4
BRH:4
end_of_record
